The system is: Windows - 10.0.22621 - AMD64
Compiling the C compiler identification source file "CMakeCCompilerId.c" succeeded.
Compiler: C:/msys64/mingw64/bin/gcc.exe 
Build flags: 
Id flags:  

The output was:
0


Compilation of the C compiler identification source "CMakeCCompilerId.c" produced "a.exe"

The C compiler identification is GNU, found in "C:/Users/losto/myrepo/lab6/build/CMakeFiles/3.24.202208181-MSVC_2/CompilerIdC/a.exe"

Compiling the CXX compiler identification source file "CMakeCXXCompilerId.cpp" succeeded.
Compiler: C:/msys64/mingw64/bin/g++.exe 
Build flags: 
Id flags:  

The output was:
0


Compilation of the CXX compiler identification source "CMakeCXXCompilerId.cpp" produced "a.exe"

The CXX compiler identification is GNU, found in "C:/Users/losto/myrepo/lab6/build/CMakeFiles/3.24.202208181-MSVC_2/CompilerIdCXX/a.exe"

Determining if the C compiler works passed with the following output:
Change Dir: C:/Users/losto/myrepo/lab6/build/CMakeFiles/CMakeTmp

Run Build Command(s):C:/msys64/mingw64/bin/mingw32-make.exe -f Makefile cmTC_c606c/fast && C:/msys64/mingw64/bin/mingw32-make.exe  -f CMakeFiles\cmTC_c606c.dir\build.make CMakeFiles/cmTC_c606c.dir/build
mingw32-make[1]: Entering directory 'C:/Users/losto/myrepo/lab6/build/CMakeFiles/CMakeTmp'
Building C object CMakeFiles/cmTC_c606c.dir/testCCompiler.c.obj
C:\msys64\mingw64\bin\gcc.exe    -o CMakeFiles\cmTC_c606c.dir\testCCompiler.c.obj -c C:\Users\losto\myrepo\lab6\build\CMakeFiles\CMakeTmp\testCCompiler.c
Linking C executable cmTC_c606c.exe
"C:\Program Files\Microsoft Visual Studio\2022\Community\Common7\IDE\CommonExtensions\Microsoft\CMake\CMake\bin\cmake.exe" -E cmake_link_script CMakeFiles\cmTC_c606c.dir\link.txt --verbose=1
"C:\Program Files\Microsoft Visual Studio\2022\Community\Common7\IDE\CommonExtensions\Microsoft\CMake\CMake\bin\cmake.exe" -E rm -f CMakeFiles\cmTC_c606c.dir/objects.a
C:\msys64\mingw64\bin\ar.exe qc CMakeFiles\cmTC_c606c.dir/objects.a @CMakeFiles\cmTC_c606c.dir\objects1.rsp
C:\msys64\mingw64\bin\gcc.exe -Wl,--whole-archive CMakeFiles\cmTC_c606c.dir/objects.a -Wl,--no-whole-archive -o cmTC_c606c.exe -Wl,--out-implib,libcmTC_c606c.dll.a -Wl,--major-image-version,0,--minor-image-version,0 @CMakeFiles\cmTC_c606c.dir\linklibs.rsp
mingw32-make[1]: Leaving directory 'C:/Users/losto/myrepo/lab6/build/CMakeFiles/CMakeTmp'



Determining if the CXX compiler works passed with the following output:
Change Dir: C:/Users/losto/myrepo/lab6/build/CMakeFiles/CMakeTmp

Run Build Command(s):C:/msys64/mingw64/bin/mingw32-make.exe -f Makefile cmTC_ef60c/fast && C:/msys64/mingw64/bin/mingw32-make.exe  -f CMakeFiles\cmTC_ef60c.dir\build.make CMakeFiles/cmTC_ef60c.dir/build
mingw32-make[1]: Entering directory 'C:/Users/losto/myrepo/lab6/build/CMakeFiles/CMakeTmp'
Building CXX object CMakeFiles/cmTC_ef60c.dir/testCXXCompiler.cxx.obj
C:\msys64\mingw64\bin\g++.exe    -o CMakeFiles\cmTC_ef60c.dir\testCXXCompiler.cxx.obj -c C:\Users\losto\myrepo\lab6\build\CMakeFiles\CMakeTmp\testCXXCompiler.cxx
Linking CXX executable cmTC_ef60c.exe
"C:\Program Files\Microsoft Visual Studio\2022\Community\Common7\IDE\CommonExtensions\Microsoft\CMake\CMake\bin\cmake.exe" -E cmake_link_script CMakeFiles\cmTC_ef60c.dir\link.txt --verbose=1
"C:\Program Files\Microsoft Visual Studio\2022\Community\Common7\IDE\CommonExtensions\Microsoft\CMake\CMake\bin\cmake.exe" -E rm -f CMakeFiles\cmTC_ef60c.dir/objects.a
C:\msys64\mingw64\bin\ar.exe qc CMakeFiles\cmTC_ef60c.dir/objects.a @CMakeFiles\cmTC_ef60c.dir\objects1.rsp
C:\msys64\mingw64\bin\g++.exe -Wl,--whole-archive CMakeFiles\cmTC_ef60c.dir/objects.a -Wl,--no-whole-archive -o cmTC_ef60c.exe -Wl,--out-implib,libcmTC_ef60c.dll.a -Wl,--major-image-version,0,--minor-image-version,0 @CMakeFiles\cmTC_ef60c.dir\linklibs.rsp
mingw32-make[1]: Leaving directory 'C:/Users/losto/myrepo/lab6/build/CMakeFiles/CMakeTmp'



